{"/Users/ikot/Documents/hillel/frontend-pro/groups/frontend-pro-25.03.2024/lessons/lesson33/code/src/api/httpClient.js": {"path":"/Users/ikot/Documents/hillel/frontend-pro/groups/frontend-pro-25.03.2024/lessons/lesson33/code/src/api/httpClient.js","statementMap":{"0":{"start":{"line":3,"column":18},"end":{"line":11,"column":4}},"1":{"start":{"line":4,"column":2},"end":{"line":11,"column":4}},"2":{"start":{"line":13,"column":23},"end":{"line":25,"column":1}},"3":{"start":{"line":14,"column":2},"end":{"line":24,"column":3}},"4":{"start":{"line":15,"column":23},"end":{"line":15,"column":40}},"5":{"start":{"line":16,"column":21},"end":{"line":16,"column":61}},"6":{"start":{"line":17,"column":4},"end":{"line":17,"column":25}},"7":{"start":{"line":19,"column":4},"end":{"line":23,"column":5}},"8":{"start":{"line":20,"column":6},"end":{"line":20,"column":36}},"9":{"start":{"line":22,"column":6},"end":{"line":22,"column":38}},"10":{"start":{"line":28,"column":2},"end":{"line":28,"column":68}},"11":{"start":{"line":31,"column":2},"end":{"line":31,"column":61}}},"fnMap":{"0":{"name":"(anonymous_0)","decl":{"start":{"line":3,"column":18},"end":{"line":3,"column":19}},"loc":{"start":{"line":4,"column":2},"end":{"line":11,"column":4}},"line":4},"1":{"name":"(anonymous_1)","decl":{"start":{"line":13,"column":23},"end":{"line":13,"column":24}},"loc":{"start":{"line":13,"column":69},"end":{"line":25,"column":1}},"line":13},"2":{"name":"post","decl":{"start":{"line":27,"column":22},"end":{"line":27,"column":26}},"loc":{"start":{"line":27,"column":46},"end":{"line":29,"column":1}},"line":27},"3":{"name":"get","decl":{"start":{"line":30,"column":22},"end":{"line":30,"column":25}},"loc":{"start":{"line":30,"column":39},"end":{"line":32,"column":1}},"line":30}},"branchMap":{"0":{"loc":{"start":{"line":3,"column":19},"end":{"line":3,"column":30}},"type":"default-arg","locations":[{"start":{"line":3,"column":28},"end":{"line":3,"column":30}}],"line":3},"1":{"loc":{"start":{"line":19,"column":4},"end":{"line":23,"column":5}},"type":"if","locations":[{"start":{"line":19,"column":4},"end":{"line":23,"column":5}},{"start":{"line":21,"column":11},"end":{"line":23,"column":5}}],"line":19},"2":{"loc":{"start":{"line":19,"column":8},"end":{"line":19,"column":51}},"type":"binary-expr","locations":[{"start":{"line":19,"column":8},"end":{"line":19,"column":33}},{"start":{"line":19,"column":37},"end":{"line":19,"column":51}}],"line":19}},"s":{"0":1,"1":0,"2":1,"3":0,"4":0,"5":0,"6":0,"7":0,"8":0,"9":0,"10":0,"11":0},"f":{"0":0,"1":0,"2":0,"3":0},"b":{"0":[0],"1":[0,0],"2":[0,0]},"_coverageSchema":"1a1c01bbd47fc00a2c39e90264f33305004495a9","hash":"7f1988840029657e1554ec0bf014a752a6d878f4"}
,"/Users/ikot/Documents/hillel/frontend-pro/groups/frontend-pro-25.03.2024/lessons/lesson33/code/src/api/index.js": {"path":"/Users/ikot/Documents/hillel/frontend-pro/groups/frontend-pro-25.03.2024/lessons/lesson33/code/src/api/index.js","statementMap":{},"fnMap":{},"branchMap":{},"s":{},"f":{},"b":{},"_coverageSchema":"1a1c01bbd47fc00a2c39e90264f33305004495a9","hash":"720b88628fc942936bf6321a0c0431ef27f042ea"}
,"/Users/ikot/Documents/hillel/frontend-pro/groups/frontend-pro-25.03.2024/lessons/lesson33/code/src/api/users.js": {"path":"/Users/ikot/Documents/hillel/frontend-pro/groups/frontend-pro-25.03.2024/lessons/lesson33/code/src/api/users.js","statementMap":{"0":{"start":{"line":4,"column":2},"end":{"line":4,"column":36}}},"fnMap":{"0":{"name":"getUsers","decl":{"start":{"line":3,"column":22},"end":{"line":3,"column":30}},"loc":{"start":{"line":3,"column":39},"end":{"line":5,"column":1}},"line":3}},"branchMap":{},"s":{"0":0},"f":{"0":0},"b":{},"_coverageSchema":"1a1c01bbd47fc00a2c39e90264f33305004495a9","hash":"982b677cc0b95ac819278be72c828752705ed962"}
,"/Users/ikot/Documents/hillel/frontend-pro/groups/frontend-pro-25.03.2024/lessons/lesson33/code/src/components/Form/Form.jsx": {"path":"/Users/ikot/Documents/hillel/frontend-pro/groups/frontend-pro-25.03.2024/lessons/lesson33/code/src/components/Form/Form.jsx","statementMap":{"0":{"start":{"line":8,"column":18},"end":{"line":8,"column":26}},"1":{"start":{"line":9,"column":21},"end":{"line":9,"column":29}},"2":{"start":{"line":10,"column":19},"end":{"line":10,"column":32}},"3":{"start":{"line":13,"column":4},"end":{"line":13,"column":23}},"4":{"start":{"line":15,"column":4},"end":{"line":18,"column":5}},"5":{"start":{"line":16,"column":6},"end":{"line":16,"column":36}},"6":{"start":{"line":17,"column":6},"end":{"line":17,"column":13}},"7":{"start":{"line":20,"column":25},"end":{"line":24,"column":5}},"8":{"start":{"line":26,"column":4},"end":{"line":26,"column":36}},"9":{"start":{"line":29,"column":2},"end":{"line":43,"column":4}}},"fnMap":{"0":{"name":"Form","decl":{"start":{"line":7,"column":16},"end":{"line":7,"column":20}},"loc":{"start":{"line":7,"column":23},"end":{"line":44,"column":1}},"line":7},"1":{"name":"submitHandler","decl":{"start":{"line":12,"column":11},"end":{"line":12,"column":24}},"loc":{"start":{"line":12,"column":28},"end":{"line":27,"column":3}},"line":12}},"branchMap":{"0":{"loc":{"start":{"line":15,"column":4},"end":{"line":18,"column":5}},"type":"if","locations":[{"start":{"line":15,"column":4},"end":{"line":18,"column":5}},{"start":{},"end":{}}],"line":15},"1":{"loc":{"start":{"line":15,"column":8},"end":{"line":15,"column":59}},"type":"binary-expr","locations":[{"start":{"line":15,"column":8},"end":{"line":15,"column":30}},{"start":{"line":15,"column":34},"end":{"line":15,"column":59}}],"line":15}},"s":{"0":2,"1":2,"2":2,"3":1,"4":1,"5":0,"6":0,"7":1,"8":1,"9":2},"f":{"0":2,"1":1},"b":{"0":[0,1],"1":[1,0]},"_coverageSchema":"1a1c01bbd47fc00a2c39e90264f33305004495a9","hash":"88169a0e0517ba4b8a4ae3b497d09093d33ae61f"}
,"/Users/ikot/Documents/hillel/frontend-pro/groups/frontend-pro-25.03.2024/lessons/lesson33/code/src/components/SimpleButton/SimpleButton.jsx": {"path":"/Users/ikot/Documents/hillel/frontend-pro/groups/frontend-pro-25.03.2024/lessons/lesson33/code/src/components/SimpleButton/SimpleButton.jsx","statementMap":{"0":{"start":{"line":2,"column":2},"end":{"line":6,"column":4}}},"fnMap":{"0":{"name":"Button","decl":{"start":{"line":1,"column":16},"end":{"line":1,"column":22}},"loc":{"start":{"line":1,"column":46},"end":{"line":7,"column":1}},"line":1}},"branchMap":{},"s":{"0":2},"f":{"0":2},"b":{},"_coverageSchema":"1a1c01bbd47fc00a2c39e90264f33305004495a9","hash":"79a12f7831d38d3b1c1124afef66fbff2d5aac5c"}
,"/Users/ikot/Documents/hillel/frontend-pro/groups/frontend-pro-25.03.2024/lessons/lesson33/code/src/components/UI/index.js": {"path":"/Users/ikot/Documents/hillel/frontend-pro/groups/frontend-pro-25.03.2024/lessons/lesson33/code/src/components/UI/index.js","statementMap":{},"fnMap":{},"branchMap":{},"s":{},"f":{},"b":{},"_coverageSchema":"1a1c01bbd47fc00a2c39e90264f33305004495a9","hash":"57165c04ad40b6e942be9f401e13236f74b7ef86"}
,"/Users/ikot/Documents/hillel/frontend-pro/groups/frontend-pro-25.03.2024/lessons/lesson33/code/src/components/UI/Buttons/index.js": {"path":"/Users/ikot/Documents/hillel/frontend-pro/groups/frontend-pro-25.03.2024/lessons/lesson33/code/src/components/UI/Buttons/index.js","statementMap":{},"fnMap":{},"branchMap":{},"s":{},"f":{},"b":{},"_coverageSchema":"1a1c01bbd47fc00a2c39e90264f33305004495a9","hash":"0e4a3812743897738c213d0c22833637686ae3f5"}
,"/Users/ikot/Documents/hillel/frontend-pro/groups/frontend-pro-25.03.2024/lessons/lesson33/code/src/components/UI/Buttons/Button/Button.jsx": {"path":"/Users/ikot/Documents/hillel/frontend-pro/groups/frontend-pro-25.03.2024/lessons/lesson33/code/src/components/UI/Buttons/Button/Button.jsx","statementMap":{"0":{"start":{"line":10,"column":21},"end":{"line":10,"column":26}},"1":{"start":{"line":11,"column":2},"end":{"line":20,"column":4}}},"fnMap":{"0":{"name":"Button","decl":{"start":{"line":3,"column":16},"end":{"line":3,"column":22}},"loc":{"start":{"line":9,"column":3},"end":{"line":21,"column":1}},"line":9}},"branchMap":{"0":{"loc":{"start":{"line":5,"column":2},"end":{"line":5,"column":17}},"type":"default-arg","locations":[{"start":{"line":5,"column":9},"end":{"line":5,"column":17}}],"line":5},"1":{"loc":{"start":{"line":15,"column":30},"end":{"line":15,"column":56}},"type":"cond-expr","locations":[{"start":{"line":15,"column":42},"end":{"line":15,"column":51}},{"start":{"line":15,"column":54},"end":{"line":15,"column":56}}],"line":15}},"s":{"0":2,"1":2},"f":{"0":2},"b":{"0":[0],"1":[0,2]},"_coverageSchema":"1a1c01bbd47fc00a2c39e90264f33305004495a9","hash":"f620d3a1a7b4d6f108b0b91e15b1fbc574003375"}
,"/Users/ikot/Documents/hillel/frontend-pro/groups/frontend-pro-25.03.2024/lessons/lesson33/code/src/components/UI/Buttons/Button/index.js": {"path":"/Users/ikot/Documents/hillel/frontend-pro/groups/frontend-pro-25.03.2024/lessons/lesson33/code/src/components/UI/Buttons/Button/index.js","statementMap":{},"fnMap":{},"branchMap":{},"s":{},"f":{},"b":{},"_coverageSchema":"1a1c01bbd47fc00a2c39e90264f33305004495a9","hash":"a86eb8e5d8a9d7b684716c9ac973c416df96efc5"}
,"/Users/ikot/Documents/hillel/frontend-pro/groups/frontend-pro-25.03.2024/lessons/lesson33/code/src/components/UI/Loader/Loader.jsx": {"path":"/Users/ikot/Documents/hillel/frontend-pro/groups/frontend-pro-25.03.2024/lessons/lesson33/code/src/components/UI/Loader/Loader.jsx","statementMap":{"0":{"start":{"line":4,"column":33},"end":{"line":4,"column":38}},"1":{"start":{"line":5,"column":2},"end":{"line":12,"column":4}}},"fnMap":{"0":{"name":"Loader","decl":{"start":{"line":3,"column":16},"end":{"line":3,"column":22}},"loc":{"start":{"line":3,"column":25},"end":{"line":13,"column":1}},"line":3}},"branchMap":{},"s":{"0":0,"1":0},"f":{"0":0},"b":{},"_coverageSchema":"1a1c01bbd47fc00a2c39e90264f33305004495a9","hash":"31db1204cdc8ec852a5a4fd045dbd2ab95cc5571"}
,"/Users/ikot/Documents/hillel/frontend-pro/groups/frontend-pro-25.03.2024/lessons/lesson33/code/src/components/UI/Loader/index.js": {"path":"/Users/ikot/Documents/hillel/frontend-pro/groups/frontend-pro-25.03.2024/lessons/lesson33/code/src/components/UI/Loader/index.js","statementMap":{},"fnMap":{},"branchMap":{},"s":{},"f":{},"b":{},"_coverageSchema":"1a1c01bbd47fc00a2c39e90264f33305004495a9","hash":"a5cfa80b054e979478a89e4f4a0a077549658bdc"}
,"/Users/ikot/Documents/hillel/frontend-pro/groups/frontend-pro-25.03.2024/lessons/lesson33/code/src/scripts/axios.js": {"path":"/Users/ikot/Documents/hillel/frontend-pro/groups/frontend-pro-25.03.2024/lessons/lesson33/code/src/scripts/axios.js","statementMap":{"0":{"start":{"line":4,"column":4},"end":{"line":9,"column":5}},"1":{"start":{"line":5,"column":25},"end":{"line":5,"column":45}},"2":{"start":{"line":6,"column":8},"end":{"line":6,"column":29}},"3":{"start":{"line":8,"column":8},"end":{"line":8,"column":47}}},"fnMap":{"0":{"name":"fetchData","decl":{"start":{"line":3,"column":22},"end":{"line":3,"column":31}},"loc":{"start":{"line":3,"column":37},"end":{"line":10,"column":1}},"line":3}},"branchMap":{},"s":{"0":4,"1":4,"2":3,"3":1},"f":{"0":4},"b":{},"_coverageSchema":"1a1c01bbd47fc00a2c39e90264f33305004495a9","hash":"2036789f6ecf8c213f0fd207e113d4f9c882986f"}
,"/Users/ikot/Documents/hillel/frontend-pro/groups/frontend-pro-25.03.2024/lessons/lesson33/code/src/scripts/counter.js": {"path":"/Users/ikot/Documents/hillel/frontend-pro/groups/frontend-pro-25.03.2024/lessons/lesson33/code/src/scripts/counter.js","statementMap":{"0":{"start":{"line":3,"column":8},"end":{"line":3,"column":23}},"1":{"start":{"line":7,"column":8},"end":{"line":7,"column":24}},"2":{"start":{"line":11,"column":8},"end":{"line":11,"column":24}},"3":{"start":{"line":15,"column":8},"end":{"line":15,"column":23}},"4":{"start":{"line":19,"column":8},"end":{"line":19,"column":26}}},"fnMap":{"0":{"name":"(anonymous_0)","decl":{"start":{"line":2,"column":4},"end":{"line":2,"column":5}},"loc":{"start":{"line":2,"column":18},"end":{"line":4,"column":5}},"line":2},"1":{"name":"(anonymous_1)","decl":{"start":{"line":6,"column":4},"end":{"line":6,"column":5}},"loc":{"start":{"line":6,"column":16},"end":{"line":8,"column":5}},"line":6},"2":{"name":"(anonymous_2)","decl":{"start":{"line":10,"column":4},"end":{"line":10,"column":5}},"loc":{"start":{"line":10,"column":16},"end":{"line":12,"column":5}},"line":10},"3":{"name":"(anonymous_3)","decl":{"start":{"line":14,"column":4},"end":{"line":14,"column":5}},"loc":{"start":{"line":14,"column":12},"end":{"line":16,"column":5}},"line":14},"4":{"name":"(anonymous_4)","decl":{"start":{"line":18,"column":4},"end":{"line":18,"column":5}},"loc":{"start":{"line":18,"column":15},"end":{"line":20,"column":5}},"line":18}},"branchMap":{},"s":{"0":4,"1":5,"2":1,"3":1,"4":8},"f":{"0":4,"1":5,"2":1,"3":1,"4":8},"b":{},"_coverageSchema":"1a1c01bbd47fc00a2c39e90264f33305004495a9","hash":"a3028d332572098a16c82ad3d4b04ec2f01a8b68"}
,"/Users/ikot/Documents/hillel/frontend-pro/groups/frontend-pro-25.03.2024/lessons/lesson33/code/src/scripts/fetch.js": {"path":"/Users/ikot/Documents/hillel/frontend-pro/groups/frontend-pro-25.03.2024/lessons/lesson33/code/src/scripts/fetch.js","statementMap":{"0":{"start":{"line":2,"column":2},"end":{"line":12,"column":3}},"1":{"start":{"line":3,"column":17},"end":{"line":3,"column":60}},"2":{"start":{"line":5,"column":4},"end":{"line":5,"column":64}},"3":{"start":{"line":5,"column":18},"end":{"line":5,"column":64}},"4":{"start":{"line":7,"column":17},"end":{"line":7,"column":34}},"5":{"start":{"line":9,"column":4},"end":{"line":9,"column":16}},"6":{"start":{"line":11,"column":4},"end":{"line":11,"column":21}}},"fnMap":{"0":{"name":"foo","decl":{"start":{"line":1,"column":22},"end":{"line":1,"column":25}},"loc":{"start":{"line":1,"column":28},"end":{"line":13,"column":1}},"line":1}},"branchMap":{"0":{"loc":{"start":{"line":5,"column":4},"end":{"line":5,"column":64}},"type":"if","locations":[{"start":{"line":5,"column":4},"end":{"line":5,"column":64}},{"start":{},"end":{}}],"line":5}},"s":{"0":3,"1":3,"2":2,"3":1,"4":1,"5":1,"6":2},"f":{"0":3},"b":{"0":[1,1]},"_coverageSchema":"1a1c01bbd47fc00a2c39e90264f33305004495a9","hash":"9bffe54fc121d4868dfd9ef2c1a08e2930b97e0b"}
,"/Users/ikot/Documents/hillel/frontend-pro/groups/frontend-pro-25.03.2024/lessons/lesson33/code/src/scripts/mockFn.js": {"path":"/Users/ikot/Documents/hillel/frontend-pro/groups/frontend-pro-25.03.2024/lessons/lesson33/code/src/scripts/mockFn.js","statementMap":{"0":{"start":{"line":2,"column":4},"end":{"line":4,"column":5}},"1":{"start":{"line":3,"column":8},"end":{"line":3,"column":23}}},"fnMap":{"0":{"name":"forEach","decl":{"start":{"line":1,"column":16},"end":{"line":1,"column":23}},"loc":{"start":{"line":1,"column":41},"end":{"line":5,"column":1}},"line":1}},"branchMap":{},"s":{"0":2,"1":4},"f":{"0":2},"b":{},"_coverageSchema":"1a1c01bbd47fc00a2c39e90264f33305004495a9","hash":"ee90e9f871b0b5477a2d551fcee9d5e1c42d7aeb"}
,"/Users/ikot/Documents/hillel/frontend-pro/groups/frontend-pro-25.03.2024/lessons/lesson33/code/src/scripts/mockPartial.js": {"path":"/Users/ikot/Documents/hillel/frontend-pro/groups/frontend-pro-25.03.2024/lessons/lesson33/code/src/scripts/mockPartial.js","statementMap":{"0":{"start":{"line":1,"column":19},"end":{"line":1,"column":24}},"1":{"start":{"line":2,"column":19},"end":{"line":4,"column":1}},"2":{"start":{"line":3,"column":4},"end":{"line":3,"column":35}},"3":{"start":{"line":5,"column":21},"end":{"line":5,"column":26}}},"fnMap":{"0":{"name":"(anonymous_0)","decl":{"start":{"line":2,"column":19},"end":{"line":2,"column":20}},"loc":{"start":{"line":2,"column":29},"end":{"line":4,"column":1}},"line":2},"1":{"name":"(anonymous_1)","decl":{"start":{"line":5,"column":15},"end":{"line":5,"column":16}},"loc":{"start":{"line":5,"column":21},"end":{"line":5,"column":26}},"line":5}},"branchMap":{"0":{"loc":{"start":{"line":3,"column":11},"end":{"line":3,"column":34}},"type":"cond-expr","locations":[{"start":{"line":3,"column":18},"end":{"line":3,"column":23}},{"start":{"line":3,"column":26},"end":{"line":3,"column":34}}],"line":3}},"s":{"0":1,"1":1,"2":2,"3":0},"f":{"0":2,"1":0},"b":{"0":[1,1]},"_coverageSchema":"1a1c01bbd47fc00a2c39e90264f33305004495a9","hash":"60f0d3b4c3cf38ebd6b3590586c0d3bc2dee9cbe"}
,"/Users/ikot/Documents/hillel/frontend-pro/groups/frontend-pro-25.03.2024/lessons/lesson33/code/src/scripts/utils.js": {"path":"/Users/ikot/Documents/hillel/frontend-pro/groups/frontend-pro-25.03.2024/lessons/lesson33/code/src/scripts/utils.js","statementMap":{"0":{"start":{"line":2,"column":2},"end":{"line":2,"column":15}},"1":{"start":{"line":6,"column":2},"end":{"line":9,"column":4}},"2":{"start":{"line":8,"column":39},"end":{"line":8,"column":51}},"3":{"start":{"line":13,"column":2},"end":{"line":13,"column":14}},"4":{"start":{"line":17,"column":2},"end":{"line":17,"column":19}},"5":{"start":{"line":21,"column":2},"end":{"line":21,"column":12}},"6":{"start":{"line":25,"column":2},"end":{"line":25,"column":25}},"7":{"start":{"line":29,"column":2},"end":{"line":29,"column":11}},"8":{"start":{"line":33,"column":2},"end":{"line":33,"column":11}},"9":{"start":{"line":37,"column":2},"end":{"line":37,"column":11}},"10":{"start":{"line":41,"column":2},"end":{"line":41,"column":11}},"11":{"start":{"line":45,"column":2},"end":{"line":45,"column":11}},"12":{"start":{"line":49,"column":2},"end":{"line":49,"column":24}},"13":{"start":{"line":53,"column":2},"end":{"line":53,"column":32}}},"fnMap":{"0":{"name":"sum","decl":{"start":{"line":1,"column":16},"end":{"line":1,"column":19}},"loc":{"start":{"line":1,"column":26},"end":{"line":3,"column":1}},"line":1},"1":{"name":"addCount","decl":{"start":{"line":5,"column":16},"end":{"line":5,"column":24}},"loc":{"start":{"line":5,"column":35},"end":{"line":10,"column":1}},"line":5},"2":{"name":"(anonymous_2)","decl":{"start":{"line":8,"column":22},"end":{"line":8,"column":23}},"loc":{"start":{"line":8,"column":39},"end":{"line":8,"column":51}},"line":8},"3":{"name":"getNull","decl":{"start":{"line":12,"column":16},"end":{"line":12,"column":23}},"loc":{"start":{"line":12,"column":26},"end":{"line":14,"column":1}},"line":12},"4":{"name":"getUndefined","decl":{"start":{"line":16,"column":16},"end":{"line":16,"column":28}},"loc":{"start":{"line":16,"column":31},"end":{"line":18,"column":1}},"line":16},"5":{"name":"getDefined","decl":{"start":{"line":20,"column":16},"end":{"line":20,"column":26}},"loc":{"start":{"line":20,"column":29},"end":{"line":22,"column":1}},"line":20},"6":{"name":"getTruthy","decl":{"start":{"line":24,"column":16},"end":{"line":24,"column":25}},"loc":{"start":{"line":24,"column":28},"end":{"line":26,"column":1}},"line":24},"7":{"name":"getFalsy","decl":{"start":{"line":28,"column":16},"end":{"line":28,"column":24}},"loc":{"start":{"line":28,"column":27},"end":{"line":30,"column":1}},"line":28},"8":{"name":"greaterThan","decl":{"start":{"line":32,"column":16},"end":{"line":32,"column":27}},"loc":{"start":{"line":32,"column":30},"end":{"line":34,"column":1}},"line":32},"9":{"name":"greaterThanOrEqual","decl":{"start":{"line":36,"column":16},"end":{"line":36,"column":34}},"loc":{"start":{"line":36,"column":37},"end":{"line":38,"column":1}},"line":36},"10":{"name":"lessThan","decl":{"start":{"line":40,"column":16},"end":{"line":40,"column":24}},"loc":{"start":{"line":40,"column":27},"end":{"line":42,"column":1}},"line":40},"11":{"name":"lessThanOrEqual","decl":{"start":{"line":44,"column":16},"end":{"line":44,"column":31}},"loc":{"start":{"line":44,"column":34},"end":{"line":46,"column":1}},"line":44},"12":{"name":"helloWorld","decl":{"start":{"line":48,"column":16},"end":{"line":48,"column":26}},"loc":{"start":{"line":48,"column":29},"end":{"line":50,"column":1}},"line":48},"13":{"name":"addHobie","decl":{"start":{"line":52,"column":16},"end":{"line":52,"column":24}},"loc":{"start":{"line":52,"column":44},"end":{"line":54,"column":1}},"line":52}},"branchMap":{},"s":{"0":2,"1":2,"2":4,"3":1,"4":1,"5":1,"6":1,"7":1,"8":1,"9":1,"10":1,"11":1,"12":2,"13":1},"f":{"0":2,"1":2,"2":4,"3":1,"4":1,"5":1,"6":1,"7":1,"8":1,"9":1,"10":1,"11":1,"12":2,"13":1},"b":{},"_coverageSchema":"1a1c01bbd47fc00a2c39e90264f33305004495a9","hash":"cc7215c1bdea1636f0583d8af576d1aa9232a08d"}
,"/Users/ikot/Documents/hillel/frontend-pro/groups/frontend-pro-25.03.2024/lessons/lesson33/code/src/store/users/index.js": {"path":"/Users/ikot/Documents/hillel/frontend-pro/groups/frontend-pro-25.03.2024/lessons/lesson33/code/src/store/users/index.js","statementMap":{},"fnMap":{},"branchMap":{},"s":{},"f":{},"b":{},"_coverageSchema":"1a1c01bbd47fc00a2c39e90264f33305004495a9","hash":"549637348c5af544bf8bf6f30f8b2b488a066b83"}
,"/Users/ikot/Documents/hillel/frontend-pro/groups/frontend-pro-25.03.2024/lessons/lesson33/code/src/store/users/users.actions.js": {"path":"/Users/ikot/Documents/hillel/frontend-pro/groups/frontend-pro-25.03.2024/lessons/lesson33/code/src/store/users/users.actions.js","statementMap":{"0":{"start":{"line":3,"column":34},"end":{"line":3,"column":66}}},"fnMap":{},"branchMap":{},"s":{"0":1},"f":{},"b":{},"_coverageSchema":"1a1c01bbd47fc00a2c39e90264f33305004495a9","hash":"298c2504268c9c8154e4151ab9c1971cdc82d949"}
,"/Users/ikot/Documents/hillel/frontend-pro/groups/frontend-pro-25.03.2024/lessons/lesson33/code/src/store/users/users.sagas.js": {"path":"/Users/ikot/Documents/hillel/frontend-pro/groups/frontend-pro-25.03.2024/lessons/lesson33/code/src/store/users/users.sagas.js","statementMap":{"0":{"start":{"line":11,"column":2},"end":{"line":25,"column":3}},"1":{"start":{"line":12,"column":4},"end":{"line":12,"column":33}},"2":{"start":{"line":14,"column":21},"end":{"line":14,"column":57}},"3":{"start":{"line":16,"column":25},"end":{"line":20,"column":7}},"4":{"start":{"line":16,"column":43},"end":{"line":20,"column":5}},"5":{"start":{"line":22,"column":4},"end":{"line":22,"column":47}},"6":{"start":{"line":24,"column":4},"end":{"line":24,"column":48}},"7":{"start":{"line":29,"column":2},"end":{"line":29,"column":60}}},"fnMap":{"0":{"name":"fetchUsersSaga","decl":{"start":{"line":10,"column":17},"end":{"line":10,"column":31}},"loc":{"start":{"line":10,"column":45},"end":{"line":26,"column":1}},"line":10},"1":{"name":"(anonymous_1)","decl":{"start":{"line":16,"column":34},"end":{"line":16,"column":35}},"loc":{"start":{"line":16,"column":43},"end":{"line":20,"column":5}},"line":16},"2":{"name":"watchFetchUsersSagas","decl":{"start":{"line":28,"column":17},"end":{"line":28,"column":37}},"loc":{"start":{"line":28,"column":40},"end":{"line":30,"column":1}},"line":28}},"branchMap":{},"s":{"0":0,"1":0,"2":0,"3":0,"4":0,"5":0,"6":0,"7":0},"f":{"0":0,"1":0,"2":0},"b":{},"_coverageSchema":"1a1c01bbd47fc00a2c39e90264f33305004495a9","hash":"55efbf3f80abc95a929a78673dcfd79d3b2b9d6d"}
,"/Users/ikot/Documents/hillel/frontend-pro/groups/frontend-pro-25.03.2024/lessons/lesson33/code/src/store/users/users.slice.js": {"path":"/Users/ikot/Documents/hillel/frontend-pro/groups/frontend-pro-25.03.2024/lessons/lesson33/code/src/store/users/users.slice.js","statementMap":{"0":{"start":{"line":3,"column":21},"end":{"line":7,"column":1}},"1":{"start":{"line":9,"column":18},"end":{"line":43,"column":2}},"2":{"start":{"line":14,"column":6},"end":{"line":14,"column":39}},"3":{"start":{"line":15,"column":6},"end":{"line":15,"column":41}},"4":{"start":{"line":16,"column":6},"end":{"line":16,"column":39}},"5":{"start":{"line":19,"column":6},"end":{"line":21,"column":8}},"6":{"start":{"line":20,"column":20},"end":{"line":20,"column":44}},"7":{"start":{"line":24,"column":6},"end":{"line":24,"column":32}},"8":{"start":{"line":27,"column":6},"end":{"line":27,"column":31}},"9":{"start":{"line":28,"column":6},"end":{"line":28,"column":25}},"10":{"start":{"line":31,"column":6},"end":{"line":31,"column":31}},"11":{"start":{"line":32,"column":6},"end":{"line":32,"column":28}},"12":{"start":{"line":35,"column":6},"end":{"line":35,"column":29}},"13":{"start":{"line":36,"column":6},"end":{"line":36,"column":28}},"14":{"start":{"line":40,"column":28},"end":{"line":40,"column":39}},"15":{"start":{"line":41,"column":34},"end":{"line":41,"column":46}},"16":{"start":{"line":52,"column":4},"end":{"line":52,"column":21}},"17":{"start":{"line":53,"column":50},"end":{"line":53,"column":69}}},"fnMap":{"0":{"name":"(anonymous_0)","decl":{"start":{"line":13,"column":16},"end":{"line":13,"column":17}},"loc":{"start":{"line":13,"column":27},"end":{"line":17,"column":5}},"line":13},"1":{"name":"(anonymous_1)","decl":{"start":{"line":18,"column":16},"end":{"line":18,"column":17}},"loc":{"start":{"line":18,"column":35},"end":{"line":22,"column":5}},"line":18},"2":{"name":"(anonymous_2)","decl":{"start":{"line":20,"column":8},"end":{"line":20,"column":9}},"loc":{"start":{"line":20,"column":20},"end":{"line":20,"column":44}},"line":20},"3":{"name":"(anonymous_3)","decl":{"start":{"line":23,"column":13},"end":{"line":23,"column":14}},"loc":{"start":{"line":23,"column":37},"end":{"line":25,"column":5}},"line":23},"4":{"name":"(anonymous_4)","decl":{"start":{"line":26,"column":4},"end":{"line":26,"column":5}},"loc":{"start":{"line":26,"column":27},"end":{"line":29,"column":5}},"line":26},"5":{"name":"(anonymous_5)","decl":{"start":{"line":30,"column":4},"end":{"line":30,"column":5}},"loc":{"start":{"line":30,"column":42},"end":{"line":33,"column":5}},"line":30},"6":{"name":"(anonymous_6)","decl":{"start":{"line":34,"column":4},"end":{"line":34,"column":5}},"loc":{"start":{"line":34,"column":42},"end":{"line":37,"column":5}},"line":34},"7":{"name":"(anonymous_7)","decl":{"start":{"line":40,"column":17},"end":{"line":40,"column":18}},"loc":{"start":{"line":40,"column":28},"end":{"line":40,"column":39}},"line":40},"8":{"name":"(anonymous_8)","decl":{"start":{"line":41,"column":23},"end":{"line":41,"column":24}},"loc":{"start":{"line":41,"column":34},"end":{"line":41,"column":46}},"line":41}},"branchMap":{},"s":{"0":1,"1":1,"2":0,"3":0,"4":0,"5":0,"6":0,"7":0,"8":0,"9":0,"10":0,"11":0,"12":0,"13":0,"14":0,"15":0,"16":1,"17":1},"f":{"0":0,"1":0,"2":0,"3":0,"4":0,"5":0,"6":0,"7":0,"8":0},"b":{},"_coverageSchema":"1a1c01bbd47fc00a2c39e90264f33305004495a9","hash":"517f03347ee7290b05251afbd4467fd322ded6b3"}
}
