TN:
SF:src/api/httpClient.js
FN:3,(anonymous_0)
FN:13,(anonymous_1)
FN:27,post
FN:30,get
FNF:4
FNH:0
FNDA:0,(anonymous_0)
FNDA:0,(anonymous_1)
FNDA:0,post
FNDA:0,get
DA:3,1
DA:4,0
DA:13,1
DA:14,0
DA:15,0
DA:16,0
DA:17,0
DA:19,0
DA:20,0
DA:22,0
DA:28,0
DA:31,0
LF:12
LH:2
BRDA:3,0,0,0
BRDA:19,1,0,0
BRDA:19,1,1,0
BRDA:19,2,0,0
BRDA:19,2,1,0
BRF:5
BRH:0
end_of_record
TN:
SF:src/api/index.js
FNF:0
FNH:0
LF:0
LH:0
BRF:0
BRH:0
end_of_record
TN:
SF:src/api/users.js
FN:3,getUsers
FNF:1
FNH:0
FNDA:0,getUsers
DA:4,0
LF:1
LH:0
BRF:0
BRH:0
end_of_record
TN:
SF:src/components/Form/Form.jsx
FN:7,Form
FN:12,submitHandler
FNF:2
FNH:2
FNDA:2,Form
FNDA:1,submitHandler
DA:8,2
DA:9,2
DA:10,2
DA:13,1
DA:15,1
DA:16,0
DA:17,0
DA:20,1
DA:26,1
DA:29,2
LF:10
LH:8
BRDA:15,0,0,0
BRDA:15,0,1,1
BRDA:15,1,0,1
BRDA:15,1,1,0
BRF:4
BRH:2
end_of_record
TN:
SF:src/components/SimpleButton/SimpleButton.jsx
FN:1,Button
FNF:1
FNH:1
FNDA:2,Button
DA:2,2
LF:1
LH:1
BRF:0
BRH:0
end_of_record
TN:
SF:src/components/UI/index.js
FNF:0
FNH:0
LF:0
LH:0
BRF:0
BRH:0
end_of_record
TN:
SF:src/components/UI/Buttons/index.js
FNF:0
FNH:0
LF:0
LH:0
BRF:0
BRH:0
end_of_record
TN:
SF:src/components/UI/Buttons/Button/Button.jsx
FN:3,Button
FNF:1
FNH:1
FNDA:2,Button
DA:10,2
DA:11,2
LF:2
LH:2
BRDA:5,0,0,0
BRDA:15,1,0,0
BRDA:15,1,1,2
BRF:3
BRH:1
end_of_record
TN:
SF:src/components/UI/Buttons/Button/index.js
FNF:0
FNH:0
LF:0
LH:0
BRF:0
BRH:0
end_of_record
TN:
SF:src/components/UI/Loader/Loader.jsx
FN:3,Loader
FNF:1
FNH:0
FNDA:0,Loader
DA:4,0
DA:5,0
LF:2
LH:0
BRF:0
BRH:0
end_of_record
TN:
SF:src/components/UI/Loader/index.js
FNF:0
FNH:0
LF:0
LH:0
BRF:0
BRH:0
end_of_record
TN:
SF:src/scripts/axios.js
FN:3,fetchData
FNF:1
FNH:1
FNDA:4,fetchData
DA:4,4
DA:5,4
DA:6,3
DA:8,1
LF:4
LH:4
BRF:0
BRH:0
end_of_record
TN:
SF:src/scripts/counter.js
FN:2,(anonymous_0)
FN:6,(anonymous_1)
FN:10,(anonymous_2)
FN:14,(anonymous_3)
FN:18,(anonymous_4)
FNF:5
FNH:5
FNDA:4,(anonymous_0)
FNDA:5,(anonymous_1)
FNDA:1,(anonymous_2)
FNDA:1,(anonymous_3)
FNDA:8,(anonymous_4)
DA:3,4
DA:7,5
DA:11,1
DA:15,1
DA:19,8
LF:5
LH:5
BRF:0
BRH:0
end_of_record
TN:
SF:src/scripts/fetch.js
FN:1,foo
FNF:1
FNH:1
FNDA:3,foo
DA:2,3
DA:3,3
DA:5,2
DA:7,1
DA:9,1
DA:11,2
LF:6
LH:6
BRDA:5,0,0,1
BRDA:5,0,1,1
BRF:2
BRH:2
end_of_record
TN:
SF:src/scripts/mockFn.js
FN:1,forEach
FNF:1
FNH:1
FNDA:2,forEach
DA:2,2
DA:3,4
LF:2
LH:2
BRF:0
BRH:0
end_of_record
TN:
SF:src/scripts/mockPartial.js
FN:2,(anonymous_0)
FN:5,(anonymous_1)
FNF:2
FNH:1
FNDA:2,(anonymous_0)
FNDA:0,(anonymous_1)
DA:1,1
DA:2,1
DA:3,2
DA:5,0
LF:4
LH:3
BRDA:3,0,0,1
BRDA:3,0,1,1
BRF:2
BRH:2
end_of_record
TN:
SF:src/scripts/utils.js
FN:1,sum
FN:5,addCount
FN:8,(anonymous_2)
FN:12,getNull
FN:16,getUndefined
FN:20,getDefined
FN:24,getTruthy
FN:28,getFalsy
FN:32,greaterThan
FN:36,greaterThanOrEqual
FN:40,lessThan
FN:44,lessThanOrEqual
FN:48,helloWorld
FN:52,addHobie
FNF:14
FNH:14
FNDA:2,sum
FNDA:2,addCount
FNDA:4,(anonymous_2)
FNDA:1,getNull
FNDA:1,getUndefined
FNDA:1,getDefined
FNDA:1,getTruthy
FNDA:1,getFalsy
FNDA:1,greaterThan
FNDA:1,greaterThanOrEqual
FNDA:1,lessThan
FNDA:1,lessThanOrEqual
FNDA:2,helloWorld
FNDA:1,addHobie
DA:2,2
DA:6,2
DA:8,4
DA:13,1
DA:17,1
DA:21,1
DA:25,1
DA:29,1
DA:33,1
DA:37,1
DA:41,1
DA:45,1
DA:49,2
DA:53,1
LF:14
LH:14
BRF:0
BRH:0
end_of_record
TN:
SF:src/store/users/index.js
FNF:0
FNH:0
LF:0
LH:0
BRF:0
BRH:0
end_of_record
TN:
SF:src/store/users/users.actions.js
FNF:0
FNH:0
DA:3,1
LF:1
LH:1
BRF:0
BRH:0
end_of_record
TN:
SF:src/store/users/users.sagas.js
FN:10,fetchUsersSaga
FN:16,(anonymous_1)
FN:28,watchFetchUsersSagas
FNF:3
FNH:0
FNDA:0,fetchUsersSaga
FNDA:0,(anonymous_1)
FNDA:0,watchFetchUsersSagas
DA:11,0
DA:12,0
DA:14,0
DA:16,0
DA:22,0
DA:24,0
DA:29,0
LF:7
LH:0
BRF:0
BRH:0
end_of_record
TN:
SF:src/store/users/users.slice.js
FN:13,(anonymous_0)
FN:18,(anonymous_1)
FN:20,(anonymous_2)
FN:23,(anonymous_3)
FN:26,(anonymous_4)
FN:30,(anonymous_5)
FN:34,(anonymous_6)
FN:40,(anonymous_7)
FN:41,(anonymous_8)
FNF:9
FNH:0
FNDA:0,(anonymous_0)
FNDA:0,(anonymous_1)
FNDA:0,(anonymous_2)
FNDA:0,(anonymous_3)
FNDA:0,(anonymous_4)
FNDA:0,(anonymous_5)
FNDA:0,(anonymous_6)
FNDA:0,(anonymous_7)
FNDA:0,(anonymous_8)
DA:3,1
DA:9,1
DA:14,0
DA:15,0
DA:16,0
DA:19,0
DA:20,0
DA:24,0
DA:27,0
DA:28,0
DA:31,0
DA:32,0
DA:35,0
DA:36,0
DA:40,0
DA:41,0
DA:52,1
DA:53,1
LF:18
LH:4
BRF:0
BRH:0
end_of_record
